{"D:\\repositories\\RSS-REACT\\rsschool-react-app\\src\\api\\PokemonApi.tsx": {"path":"D:\\repositories\\RSS-REACT\\rsschool-react-app\\src\\api\\PokemonApi.tsx","statementMap":{"0":{"start":{"line":4,"column":13},"end":{"line":4,"column":49}},"1":{"start":{"line":5,"column":23},"end":{"line":7,"column":2}},"2":{"start":{"line":10,"column":24},"end":{"line":10,"column":108}},"3":{"start":{"line":12,"column":26},"end":{"line":12,"column":86}},"4":{"start":{"line":14,"column":21},"end":{"line":17,"column":6}},"5":{"start":{"line":19,"column":4},"end":{"line":21,"column":null}},"6":{"start":{"line":20,"column":8},"end":{"line":20,"column":55}},"7":{"start":{"line":23,"column":19},"end":{"line":23,"column":34}},"8":{"start":{"line":25,"column":4},"end":{"line":25,"column":18}},"9":{"start":{"line":9,"column":0},"end":{"line":9,"column":7}},"10":{"start":{"line":29,"column":26},"end":{"line":29,"column":34}},"11":{"start":{"line":31,"column":21},"end":{"line":34,"column":6}},"12":{"start":{"line":36,"column":4},"end":{"line":38,"column":null}},"13":{"start":{"line":37,"column":8},"end":{"line":37,"column":55}},"14":{"start":{"line":40,"column":19},"end":{"line":40,"column":34}},"15":{"start":{"line":42,"column":4},"end":{"line":42,"column":18}},"16":{"start":{"line":28,"column":0},"end":{"line":28,"column":7}}},"fnMap":{"0":{"name":"getCardsData","decl":{"start":{"line":9,"column":22},"end":{"line":9,"column":34}},"loc":{"start":{"line":9,"column":80},"end":{"line":26,"column":1}}},"1":{"name":"getCardDataById","decl":{"start":{"line":28,"column":22},"end":{"line":28,"column":37}},"loc":{"start":{"line":28,"column":48},"end":{"line":43,"column":1}}}},"branchMap":{"0":{"loc":{"start":{"line":12,"column":26},"end":{"line":12,"column":86}},"type":"cond-expr","locations":[{"start":{"line":12,"column":33},"end":{"line":12,"column":66}},{"start":{"line":12,"column":69},"end":{"line":12,"column":86}}]},"1":{"loc":{"start":{"line":19,"column":4},"end":{"line":21,"column":null}},"type":"if","locations":[{"start":{"line":19,"column":4},"end":{"line":21,"column":null}}]},"2":{"loc":{"start":{"line":36,"column":4},"end":{"line":38,"column":null}},"type":"if","locations":[{"start":{"line":36,"column":4},"end":{"line":38,"column":null}}]}},"s":{"0":3,"1":3,"2":0,"3":0,"4":0,"5":0,"6":0,"7":0,"8":0,"9":3,"10":0,"11":0,"12":0,"13":0,"14":0,"15":0,"16":3},"f":{"0":0,"1":0},"b":{"0":[0,0],"1":[0],"2":[0]}}
,"D:\\repositories\\RSS-REACT\\rsschool-react-app\\src\\components\\ErrorButton\\ErrorButton.tsx": {"path":"D:\\repositories\\RSS-REACT\\rsschool-react-app\\src\\components\\ErrorButton\\ErrorButton.tsx","statementMap":{"0":{"start":{"line":2,"column":0},"end":{"line":2,"column":57}},"1":{"start":{"line":3,"column":0},"end":{"line":3,"column":27}},"2":{"start":{"line":6,"column":36},"end":{"line":6,"column":81}},"3":{"start":{"line":8,"column":24},"end":{"line":10,"column":10}},"4":{"start":{"line":9,"column":8},"end":{"line":9,"column":26}},"5":{"start":{"line":12,"column":4},"end":{"line":14,"column":null}},"6":{"start":{"line":13,"column":8},"end":{"line":13,"column":40}},"7":{"start":{"line":16,"column":4},"end":{"line":20,"column":6}},"8":{"start":{"line":5,"column":0},"end":{"line":5,"column":16}}},"fnMap":{"0":{"name":"ErrorButton","decl":{"start":{"line":5,"column":16},"end":{"line":5,"column":27}},"loc":{"start":{"line":5,"column":27},"end":{"line":21,"column":1}}},"1":{"name":"(anonymous_1)","decl":{"start":{"line":8,"column":36},"end":{"line":8,"column":45}},"loc":{"start":{"line":8,"column":47},"end":{"line":10,"column":5}}}},"branchMap":{"0":{"loc":{"start":{"line":12,"column":4},"end":{"line":14,"column":null}},"type":"if","locations":[{"start":{"line":12,"column":4},"end":{"line":14,"column":null}}]}},"s":{"0":1,"1":1,"2":3,"3":3,"4":0,"5":3,"6":0,"7":3,"8":1},"f":{"0":3,"1":0},"b":{"0":[0]}}
,"D:\\repositories\\RSS-REACT\\rsschool-react-app\\src\\components\\NotFound\\NotFound.tsx": {"path":"D:\\repositories\\RSS-REACT\\rsschool-react-app\\src\\components\\NotFound\\NotFound.tsx","statementMap":{"0":{"start":{"line":1,"column":0},"end":{"line":1,"column":24}},"1":{"start":{"line":4,"column":4},"end":{"line":9,"column":6}},"2":{"start":{"line":3,"column":0},"end":{"line":3,"column":16}}},"fnMap":{"0":{"name":"NotFound","decl":{"start":{"line":3,"column":16},"end":{"line":3,"column":24}},"loc":{"start":{"line":3,"column":24},"end":{"line":10,"column":1}}}},"branchMap":{},"s":{"0":1,"1":1,"2":1},"f":{"0":1},"b":{}}
,"D:\\repositories\\RSS-REACT\\rsschool-react-app\\src\\context\\context.tsx": {"path":"D:\\repositories\\RSS-REACT\\rsschool-react-app\\src\\context\\context.tsx","statementMap":{"0":{"start":{"line":1,"column":0},"end":{"line":1,"column":104}},"1":{"start":{"line":2,"column":0},"end":{"line":2,"column":64}},"2":{"start":{"line":5,"column":0},"end":{"line":5,"column":49}},"3":{"start":{"line":8,"column":21},"end":{"line":8,"column":60}},"4":{"start":{"line":10,"column":31},"end":{"line":12,"column":1}},"5":{"start":{"line":11,"column":4},"end":{"line":11,"column":36}},"6":{"start":{"line":10,"column":13},"end":{"line":10,"column":31}},"7":{"start":{"line":14,"column":64},"end":{"line":93,"column":1}},"8":{"start":{"line":15,"column":21},"end":{"line":15,"column":34}},"9":{"start":{"line":16,"column":27},"end":{"line":16,"column":44}},"10":{"start":{"line":18,"column":42},"end":{"line":18,"column":92}},"11":{"start":{"line":19,"column":44},"end":{"line":19,"column":59}},"12":{"start":{"line":21,"column":38},"end":{"line":27,"column":6}},"13":{"start":{"line":29,"column":46},"end":{"line":29,"column":59}},"14":{"start":{"line":30,"column":50},"end":{"line":30,"column":91}},"15":{"start":{"line":32,"column":27},"end":{"line":49,"column":null}},"16":{"start":{"line":34,"column":12},"end":{"line":47,"column":null}},"17":{"start":{"line":35,"column":16},"end":{"line":35,"column":39}},"18":{"start":{"line":37,"column":29},"end":{"line":37,"column":56}},"19":{"start":{"line":39,"column":16},"end":{"line":39,"column":35}},"20":{"start":{"line":40,"column":16},"end":{"line":40,"column":38}},"21":{"start":{"line":42,"column":40},"end":{"line":42,"column":83}},"22":{"start":{"line":43,"column":16},"end":{"line":43,"column":64}},"23":{"start":{"line":44,"column":16},"end":{"line":44,"column":86}},"24":{"start":{"line":46,"column":16},"end":{"line":46,"column":61}},"25":{"start":{"line":52,"column":4},"end":{"line":60,"column":70}},"26":{"start":{"line":53,"column":23},"end":{"line":57,"column":10}},"27":{"start":{"line":59,"column":8},"end":{"line":59,"column":31}},"28":{"start":{"line":62,"column":4},"end":{"line":64,"column":22}},"29":{"start":{"line":63,"column":8},"end":{"line":63,"column":56}},"30":{"start":{"line":66,"column":18},"end":{"line":90,"column":6}},"31":{"start":{"line":67,"column":8},"end":{"line":78,"column":10}},"32":{"start":{"line":92,"column":4},"end":{"line":92,"column":83}},"33":{"start":{"line":14,"column":13},"end":{"line":14,"column":64}}},"fnMap":{"0":{"name":"(anonymous_0)","decl":{"start":{"line":10,"column":31},"end":{"line":10,"column":34}},"loc":{"start":{"line":10,"column":36},"end":{"line":12,"column":1}}},"1":{"name":"(anonymous_1)","decl":{"start":{"line":14,"column":64},"end":{"line":14,"column":65}},"loc":{"start":{"line":14,"column":81},"end":{"line":93,"column":1}}},"2":{"name":"(anonymous_2)","decl":{"start":{"line":33,"column":8},"end":{"line":33,"column":13}},"loc":{"start":{"line":33,"column":41},"end":{"line":48,"column":9}}},"3":{"name":"(anonymous_3)","decl":{"start":{"line":52,"column":14},"end":{"line":52,"column":17}},"loc":{"start":{"line":52,"column":19},"end":{"line":60,"column":5}}},"4":{"name":"(anonymous_4)","decl":{"start":{"line":62,"column":14},"end":{"line":62,"column":17}},"loc":{"start":{"line":62,"column":19},"end":{"line":64,"column":5}}},"5":{"name":"(anonymous_5)","decl":{"start":{"line":66,"column":26},"end":{"line":66,"column":29}},"loc":{"start":{"line":66,"column":31},"end":{"line":79,"column":5}}}},"branchMap":{"0":{"loc":{"start":{"line":18,"column":51},"end":{"line":18,"column":91}},"type":"binary-expr","locations":[{"start":{"line":18,"column":51},"end":{"line":18,"column":85}},{"start":{"line":18,"column":89},"end":{"line":18,"column":91}}]},"1":{"loc":{"start":{"line":30,"column":59},"end":{"line":30,"column":90}},"type":"binary-expr","locations":[{"start":{"line":30,"column":59},"end":{"line":30,"column":83}},{"start":{"line":30,"column":87},"end":{"line":30,"column":90}}]}},"s":{"0":2,"1":2,"2":2,"3":2,"4":2,"5":3,"6":2,"7":2,"8":0,"9":0,"10":0,"11":0,"12":0,"13":0,"14":0,"15":0,"16":0,"17":0,"18":0,"19":0,"20":0,"21":0,"22":0,"23":0,"24":0,"25":0,"26":0,"27":0,"28":0,"29":0,"30":0,"31":0,"32":0,"33":2},"f":{"0":3,"1":0,"2":0,"3":0,"4":0,"5":0},"b":{"0":[0,0],"1":[0,0]}}
,"D:\\repositories\\RSS-REACT\\rsschool-react-app\\src\\pages\\CardsPage\\components\\AdditionalCardsInfo\\AdditionalCardsInfo.tsx": {"path":"D:\\repositories\\RSS-REACT\\rsschool-react-app\\src\\pages\\CardsPage\\components\\AdditionalCardsInfo\\AdditionalCardsInfo.tsx","statementMap":{"0":{"start":{"line":1,"column":0},"end":{"line":1,"column":45}},"1":{"start":{"line":2,"column":0},"end":{"line":2,"column":35}},"2":{"start":{"line":3,"column":0},"end":{"line":3,"column":57}},"3":{"start":{"line":4,"column":0},"end":{"line":4,"column":61}},"4":{"start":{"line":8,"column":52},"end":{"line":8,"column":113}},"5":{"start":{"line":9,"column":44},"end":{"line":9,"column":101}},"6":{"start":{"line":10,"column":36},"end":{"line":17,"column":6}},"7":{"start":{"line":19,"column":19},"end":{"line":19,"column":30}},"8":{"start":{"line":21,"column":27},"end":{"line":33,"column":10}},"9":{"start":{"line":22,"column":8},"end":{"line":32,"column":null}},"10":{"start":{"line":23,"column":12},"end":{"line":23,"column":38}},"11":{"start":{"line":24,"column":12},"end":{"line":24,"column":35}},"12":{"start":{"line":26,"column":25},"end":{"line":26,"column":53}},"13":{"start":{"line":28,"column":12},"end":{"line":28,"column":30}},"14":{"start":{"line":29,"column":12},"end":{"line":29,"column":34}},"15":{"start":{"line":31,"column":12},"end":{"line":31,"column":57}},"16":{"start":{"line":35,"column":4},"end":{"line":37,"column":33}},"17":{"start":{"line":36,"column":8},"end":{"line":36,"column":43}},"18":{"start":{"line":39,"column":30},"end":{"line":45,"column":5}},"19":{"start":{"line":40,"column":27},"end":{"line":40,"column":47}},"20":{"start":{"line":41,"column":27},"end":{"line":41,"column":77}},"21":{"start":{"line":42,"column":8},"end":{"line":42,"column":53}},"22":{"start":{"line":44,"column":8},"end":{"line":44,"column":35}},"23":{"start":{"line":47,"column":4},"end":{"line":49,"column":null}},"24":{"start":{"line":48,"column":8},"end":{"line":48,"column":20}},"25":{"start":{"line":51,"column":4},"end":{"line":62,"column":null}},"26":{"start":{"line":52,"column":8},"end":{"line":61,"column":10}},"27":{"start":{"line":64,"column":4},"end":{"line":96,"column":6}},"28":{"start":{"line":7,"column":0},"end":{"line":7,"column":16}}},"fnMap":{"0":{"name":"AdditionalCardsInfo","decl":{"start":{"line":7,"column":16},"end":{"line":7,"column":35}},"loc":{"start":{"line":7,"column":35},"end":{"line":97,"column":1}}},"1":{"name":"(anonymous_1)","decl":{"start":{"line":21,"column":39},"end":{"line":21,"column":44}},"loc":{"start":{"line":21,"column":78},"end":{"line":33,"column":5}}},"2":{"name":"(anonymous_2)","decl":{"start":{"line":35,"column":14},"end":{"line":35,"column":17}},"loc":{"start":{"line":35,"column":19},"end":{"line":37,"column":5}}},"3":{"name":"(anonymous_3)","decl":{"start":{"line":39,"column":30},"end":{"line":39,"column":33}},"loc":{"start":{"line":39,"column":35},"end":{"line":45,"column":5}}}},"branchMap":{"0":{"loc":{"start":{"line":36,"column":23},"end":{"line":36,"column":41}},"type":"binary-expr","locations":[{"start":{"line":36,"column":23},"end":{"line":36,"column":35}},{"start":{"line":36,"column":39},"end":{"line":36,"column":41}}]},"1":{"loc":{"start":{"line":47,"column":4},"end":{"line":49,"column":null}},"type":"if","locations":[{"start":{"line":47,"column":4},"end":{"line":49,"column":null}}]},"2":{"loc":{"start":{"line":51,"column":4},"end":{"line":62,"column":null}},"type":"if","locations":[{"start":{"line":51,"column":4},"end":{"line":62,"column":null}}]},"3":{"loc":{"start":{"line":76,"column":52},"end":{"line":76,"column":96}},"type":"cond-expr","locations":[{"start":{"line":76,"column":71},"end":{"line":76,"column":87}},{"start":{"line":76,"column":90},"end":{"line":76,"column":96}}]},"4":{"loc":{"start":{"line":80,"column":52},"end":{"line":80,"column":102}},"type":"cond-expr","locations":[{"start":{"line":80,"column":74},"end":{"line":80,"column":93}},{"start":{"line":80,"column":96},"end":{"line":80,"column":102}}]},"5":{"loc":{"start":{"line":85,"column":25},"end":{"line":85,"column":94}},"type":"cond-expr","locations":[{"start":{"line":85,"column":54},"end":{"line":85,"column":85}},{"start":{"line":85,"column":88},"end":{"line":85,"column":94}}]},"6":{"loc":{"start":{"line":91,"column":25},"end":{"line":91,"column":103}},"type":"cond-expr","locations":[{"start":{"line":91,"column":61},"end":{"line":91,"column":94}},{"start":{"line":91,"column":97},"end":{"line":91,"column":103}}]}},"s":{"0":1,"1":1,"2":1,"3":1,"4":10,"5":10,"6":10,"7":10,"8":10,"9":3,"10":3,"11":3,"12":3,"13":3,"14":3,"15":0,"16":10,"17":3,"18":10,"19":1,"20":1,"21":1,"22":1,"23":10,"24":4,"25":6,"26":3,"27":3,"28":1},"f":{"0":10,"1":3,"2":3,"3":1},"b":{"0":[3,0],"1":[4],"2":[3],"3":[3,0],"4":[3,0],"5":[3,0],"6":[3,0]}}
,"D:\\repositories\\RSS-REACT\\rsschool-react-app\\src\\pages\\CardsPage\\components\\CardsField\\CardsField.tsx": {"path":"D:\\repositories\\RSS-REACT\\rsschool-react-app\\src\\pages\\CardsPage\\components\\CardsField\\CardsField.tsx","statementMap":{"0":{"start":{"line":2,"column":0},"end":{"line":2,"column":26}},"1":{"start":{"line":3,"column":0},"end":{"line":3,"column":40}},"2":{"start":{"line":4,"column":0},"end":{"line":4,"column":47}},"3":{"start":{"line":5,"column":0},"end":{"line":5,"column":62}},"4":{"start":{"line":8,"column":21},"end":{"line":8,"column":34}},"5":{"start":{"line":13,"column":20},"end":{"line":13,"column":37}},"6":{"start":{"line":14,"column":4},"end":{"line":14,"column":33}},"7":{"start":{"line":16,"column":25},"end":{"line":16,"column":66}},"8":{"start":{"line":18,"column":22},"end":{"line":18,"column":64}},"9":{"start":{"line":20,"column":4},"end":{"line":22,"column":null}},"10":{"start":{"line":21,"column":8},"end":{"line":21,"column":35}},"11":{"start":{"line":24,"column":4},"end":{"line":26,"column":null}},"12":{"start":{"line":25,"column":8},"end":{"line":25,"column":34}},"13":{"start":{"line":28,"column":4},"end":{"line":38,"column":6}},"14":{"start":{"line":31,"column":16},"end":{"line":31,"column":34}},"15":{"start":{"line":7,"column":0},"end":{"line":7,"column":16}}},"fnMap":{"0":{"name":"CardsField","decl":{"start":{"line":7,"column":16},"end":{"line":7,"column":26}},"loc":{"start":{"line":7,"column":26},"end":{"line":39,"column":1}}},"1":{"name":"(anonymous_1)","decl":{"start":{"line":16,"column":58},"end":{"line":16,"column":61}},"loc":{"start":{"line":16,"column":63},"end":{"line":16,"column":66}}},"2":{"name":"(anonymous_2)","decl":{"start":{"line":30,"column":32},"end":{"line":30,"column":33}},"loc":{"start":{"line":31,"column":16},"end":{"line":31,"column":34}}}},"branchMap":{"0":{"loc":{"start":{"line":16,"column":25},"end":{"line":16,"column":66}},"type":"cond-expr","locations":[{"start":{"line":16,"column":35},"end":{"line":16,"column":55}},{"start":{"line":16,"column":58},"end":{"line":16,"column":66}}]},"1":{"loc":{"start":{"line":18,"column":22},"end":{"line":18,"column":64}},"type":"cond-expr","locations":[{"start":{"line":18,"column":32},"end":{"line":18,"column":49}},{"start":{"line":18,"column":52},"end":{"line":18,"column":64}}]},"2":{"loc":{"start":{"line":20,"column":4},"end":{"line":22,"column":null}},"type":"if","locations":[{"start":{"line":20,"column":4},"end":{"line":22,"column":null}}]},"3":{"loc":{"start":{"line":24,"column":4},"end":{"line":26,"column":null}},"type":"if","locations":[{"start":{"line":24,"column":4},"end":{"line":26,"column":null}}]}},"s":{"0":1,"1":1,"2":1,"3":1,"4":1,"5":1,"6":1,"7":1,"8":1,"9":1,"10":0,"11":1,"12":1,"13":0,"14":0,"15":1},"f":{"0":1,"1":0,"2":0},"b":{"0":[0,1],"1":[0,1],"2":[0],"3":[1]}}
,"D:\\repositories\\RSS-REACT\\rsschool-react-app\\src\\pages\\CardsPage\\components\\SearchForm\\SearchForm.tsx": {"path":"D:\\repositories\\RSS-REACT\\rsschool-react-app\\src\\pages\\CardsPage\\components\\SearchForm\\SearchForm.tsx","statementMap":{"0":{"start":{"line":1,"column":0},"end":{"line":1,"column":68}},"1":{"start":{"line":3,"column":0},"end":{"line":3,"column":77}},"2":{"start":{"line":4,"column":0},"end":{"line":4,"column":62}},"3":{"start":{"line":5,"column":0},"end":{"line":5,"column":26}},"4":{"start":{"line":9,"column":20},"end":{"line":9,"column":37}},"5":{"start":{"line":10,"column":27},"end":{"line":10,"column":70}},"6":{"start":{"line":12,"column":35},"end":{"line":12,"column":75}},"7":{"start":{"line":14,"column":40},"end":{"line":14,"column":103}},"8":{"start":{"line":16,"column":4},"end":{"line":18,"column":21}},"9":{"start":{"line":17,"column":8},"end":{"line":17,"column":55}},"10":{"start":{"line":20,"column":25},"end":{"line":22,"column":10}},"11":{"start":{"line":21,"column":8},"end":{"line":21,"column":64}},"12":{"start":{"line":24,"column":25},"end":{"line":29,"column":null}},"13":{"start":{"line":26,"column":12},"end":{"line":26,"column":35}},"14":{"start":{"line":27,"column":12},"end":{"line":27,"column":46}},"15":{"start":{"line":32,"column":4},"end":{"line":42,"column":6}},"16":{"start":{"line":7,"column":0},"end":{"line":7,"column":16}}},"fnMap":{"0":{"name":"SearchForm","decl":{"start":{"line":7,"column":16},"end":{"line":7,"column":26}},"loc":{"start":{"line":7,"column":26},"end":{"line":43,"column":1}}},"1":{"name":"(anonymous_1)","decl":{"start":{"line":10,"column":62},"end":{"line":10,"column":65}},"loc":{"start":{"line":10,"column":67},"end":{"line":10,"column":70}}},"2":{"name":"(anonymous_2)","decl":{"start":{"line":16,"column":14},"end":{"line":16,"column":17}},"loc":{"start":{"line":16,"column":19},"end":{"line":18,"column":5}}},"3":{"name":"(anonymous_3)","decl":{"start":{"line":20,"column":37},"end":{"line":20,"column":38}},"loc":{"start":{"line":20,"column":88},"end":{"line":22,"column":5}}},"4":{"name":"(anonymous_4)","decl":{"start":{"line":25,"column":8},"end":{"line":25,"column":9}},"loc":{"start":{"line":25,"column":58},"end":{"line":28,"column":9}}}},"branchMap":{"0":{"loc":{"start":{"line":10,"column":27},"end":{"line":10,"column":70}},"type":"cond-expr","locations":[{"start":{"line":10,"column":37},"end":{"line":10,"column":59}},{"start":{"line":10,"column":62},"end":{"line":10,"column":70}}]},"1":{"loc":{"start":{"line":12,"column":35},"end":{"line":12,"column":75}},"type":"binary-expr","locations":[{"start":{"line":12,"column":35},"end":{"line":12,"column":69}},{"start":{"line":12,"column":73},"end":{"line":12,"column":75}}]}},"s":{"0":1,"1":1,"2":1,"3":1,"4":3,"5":3,"6":3,"7":3,"8":3,"9":3,"10":3,"11":1,"12":3,"13":1,"14":1,"15":3,"16":1},"f":{"0":3,"1":1,"2":3,"3":1,"4":1},"b":{"0":[0,3],"1":[3,2]}}
}
