TN:
SF:src\api\PokemonApi.tsx
FN:9,getCardsData
FN:28,getCardDataById
FNF:2
FNH:2
FNDA:1,getCardsData
FNDA:3,getCardDataById
DA:4,4
DA:5,4
DA:9,4
DA:10,1
DA:12,1
DA:14,1
DA:19,1
DA:20,0
DA:23,1
DA:25,1
DA:28,4
DA:29,3
DA:31,3
DA:36,3
DA:37,2
DA:40,1
DA:42,1
LF:17
LH:16
BRDA:12,0,0,1
BRDA:12,0,1,0
BRDA:19,1,0,0
BRDA:36,2,0,2
BRF:4
BRH:2
end_of_record
TN:
SF:src\application\path.tsx
FN:1,(anonymous_0)
FNF:1
FNH:1
FNDA:1,(anonymous_0)
DA:1,1
DA:2,1
DA:3,1
LF:3
LH:3
BRDA:1,0,0,1
BRDA:1,0,1,1
BRF:2
BRH:2
end_of_record
TN:
SF:src\application\Layout\NavBar\NavBar.tsx
FN:5,(anonymous_0)
FNF:1
FNH:1
FNDA:2,(anonymous_0)
DA:1,1
DA:2,1
DA:3,1
DA:5,1
DA:6,2
LF:5
LH:5
BRF:0
BRH:0
end_of_record
TN:
SF:src\components\ErrorButton\ErrorButton.tsx
FN:5,ErrorButton
FN:8,(anonymous_1)
FNF:2
FNH:1
FNDA:4,ErrorButton
FNDA:0,(anonymous_1)
DA:2,2
DA:3,2
DA:5,2
DA:6,4
DA:8,4
DA:9,0
DA:12,4
DA:13,0
DA:16,4
LF:9
LH:7
BRDA:12,0,0,0
BRF:1
BRH:0
end_of_record
TN:
SF:src\components\NotFound\NotFound.tsx
FN:3,NotFound
FNF:1
FNH:1
FNDA:1,NotFound
DA:1,1
DA:3,1
DA:4,1
LF:3
LH:3
BRF:0
BRH:0
end_of_record
TN:
SF:src\context\context.tsx
FN:10,(anonymous_0)
FN:14,(anonymous_1)
FN:33,(anonymous_2)
FN:52,(anonymous_3)
FN:62,(anonymous_4)
FN:66,(anonymous_5)
FNF:6
FNH:1
FNDA:3,(anonymous_0)
FNDA:0,(anonymous_1)
FNDA:0,(anonymous_2)
FNDA:0,(anonymous_3)
FNDA:0,(anonymous_4)
FNDA:0,(anonymous_5)
DA:1,1
DA:2,1
DA:5,1
DA:8,1
DA:10,1
DA:11,3
DA:14,1
DA:15,0
DA:16,0
DA:18,0
DA:19,0
DA:21,0
DA:29,0
DA:30,0
DA:32,0
DA:34,0
DA:35,0
DA:37,0
DA:39,0
DA:40,0
DA:42,0
DA:43,0
DA:44,0
DA:46,0
DA:52,0
DA:53,0
DA:59,0
DA:62,0
DA:63,0
DA:66,0
DA:67,0
DA:92,0
LF:32
LH:7
BRDA:18,0,0,0
BRDA:18,0,1,0
BRDA:30,1,0,0
BRDA:30,1,1,0
BRF:4
BRH:0
end_of_record
TN:
SF:src\pages\AboutPage\AboutPage.tsx
FN:3,(anonymous_0)
FNF:1
FNH:1
FNDA:1,(anonymous_0)
DA:1,1
DA:3,1
DA:4,1
LF:3
LH:3
BRF:0
BRH:0
end_of_record
TN:
SF:src\pages\CardsPage\CardsPage.tsx
FN:11,CardsPage
FN:16,(anonymous_1)
FN:18,(anonymous_2)
FN:21,(anonymous_3)
FNF:4
FNH:1
FNDA:1,CardsPage
FNDA:0,(anonymous_1)
FNDA:0,(anonymous_2)
FNDA:0,(anonymous_3)
DA:1,1
DA:2,1
DA:3,1
DA:4,1
DA:5,1
DA:7,1
DA:9,1
DA:11,1
DA:14,1
DA:16,1
DA:18,1
DA:20,1
DA:22,0
DA:23,0
DA:28,1
LF:15
LH:13
BRDA:16,0,0,1
BRDA:16,0,1,0
BRDA:18,1,0,1
BRDA:18,1,1,0
BRF:4
BRH:2
end_of_record
TN:
SF:src\pages\CardsPage\components\AdditionalCardsInfo\AdditionalCardsInfo.tsx
FN:7,AdditionalCardsInfo
FN:21,(anonymous_1)
FN:35,(anonymous_2)
FN:39,(anonymous_3)
FNF:4
FNH:4
FNDA:14,AdditionalCardsInfo
FNDA:5,(anonymous_1)
FNDA:5,(anonymous_2)
FNDA:1,(anonymous_3)
DA:1,2
DA:2,2
DA:3,2
DA:4,2
DA:7,2
DA:8,14
DA:9,14
DA:10,14
DA:19,14
DA:21,14
DA:22,5
DA:23,5
DA:24,5
DA:26,5
DA:28,3
DA:29,3
DA:31,2
DA:35,14
DA:36,5
DA:39,14
DA:40,1
DA:41,1
DA:42,1
DA:44,1
DA:47,14
DA:48,6
DA:51,8
DA:52,5
DA:64,3
LF:29
LH:29
BRDA:36,0,0,5
BRDA:36,0,1,0
BRDA:47,1,0,6
BRDA:51,2,0,5
BRDA:76,3,0,3
BRDA:76,3,1,0
BRDA:80,4,0,3
BRDA:80,4,1,0
BRDA:85,5,0,3
BRDA:85,5,1,0
BRDA:91,6,0,3
BRDA:91,6,1,0
BRF:12
BRH:7
end_of_record
TN:
SF:src\pages\CardsPage\components\CardsField\CardsField.tsx
FN:7,CardsField
FN:12,(anonymous_1)
FN:26,(anonymous_2)
FNF:3
FNH:2
FNDA:6,CardsField
FNDA:0,(anonymous_1)
FNDA:8,(anonymous_2)
DA:2,3
DA:3,3
DA:4,3
DA:5,3
DA:7,3
DA:8,6
DA:10,6
DA:12,6
DA:14,6
DA:16,6
DA:17,0
DA:20,6
DA:21,1
DA:24,5
DA:27,8
LF:15
LH:14
BRDA:12,0,0,6
BRDA:12,0,1,0
BRDA:14,1,0,6
BRDA:14,1,1,0
BRDA:16,2,0,0
BRDA:20,3,0,1
BRF:6
BRH:3
end_of_record
TN:
SF:src\pages\CardsPage\components\Pagination\Pagination.tsx
FN:7,Pagination
FN:25,(anonymous_1)
FN:31,(anonymous_2)
FN:37,(anonymous_3)
FN:47,(anonymous_4)
FN:64,(anonymous_5)
FN:70,(anonymous_6)
FN:80,(anonymous_7)
FN:88,(anonymous_8)
FNF:9
FNH:4
FNDA:4,Pagination
FNDA:0,(anonymous_1)
FNDA:1,(anonymous_2)
FNDA:3,(anonymous_3)
FNDA:1,(anonymous_4)
FNDA:0,(anonymous_5)
FNDA:0,(anonymous_6)
FNDA:0,(anonymous_7)
FNDA:0,(anonymous_8)
DA:1,2
DA:2,2
DA:3,2
DA:5,2
DA:7,2
DA:8,4
DA:9,4
DA:11,4
DA:13,4
DA:23,4
DA:25,4
DA:27,4
DA:28,4
DA:30,4
DA:32,1
DA:37,4
DA:38,3
DA:39,3
DA:40,3
DA:42,3
DA:43,6
DA:47,1
DA:55,3
DA:58,4
DA:59,1
DA:62,3
DA:64,0
DA:70,0
DA:80,0
DA:88,0
LF:30
LH:26
BRDA:9,0,0,4
BRDA:9,0,1,0
BRDA:11,1,0,4
BRDA:11,1,1,0
BRDA:13,2,0,4
BRDA:13,2,1,0
BRDA:23,3,0,4
BRDA:23,3,1,0
BRDA:25,4,0,4
BRDA:25,4,1,0
BRDA:46,5,0,2
BRDA:46,5,1,4
BRDA:58,6,0,1
BRF:13
BRH:8
end_of_record
TN:
SF:src\pages\CardsPage\components\SearchForm\SearchForm.tsx
FN:7,SearchForm
FN:9,(anonymous_1)
FN:15,(anonymous_2)
FN:19,(anonymous_3)
FN:24,(anonymous_4)
FNF:5
FNH:5
FNDA:4,SearchForm
FNDA:1,(anonymous_1)
FNDA:4,(anonymous_2)
FNDA:1,(anonymous_3)
FNDA:1,(anonymous_4)
DA:1,2
DA:3,2
DA:4,2
DA:5,2
DA:7,2
DA:8,4
DA:9,4
DA:11,4
DA:13,4
DA:15,4
DA:16,4
DA:19,4
DA:20,1
DA:23,4
DA:25,1
DA:26,1
DA:31,4
LF:17
LH:17
BRDA:9,0,0,1
BRDA:9,0,1,3
BRDA:11,1,0,4
BRDA:11,1,1,3
BRF:4
BRH:4
end_of_record
