TN:
SF:src\api\PokemonApi.tsx
FN:9,getCardsData
FN:28,getCardDataById
FNF:2
FNH:0
FNDA:0,getCardsData
FNDA:0,getCardDataById
DA:4,3
DA:5,3
DA:9,3
DA:10,0
DA:12,0
DA:14,0
DA:19,0
DA:20,0
DA:23,0
DA:25,0
DA:28,3
DA:29,0
DA:31,0
DA:36,0
DA:37,0
DA:40,0
DA:42,0
LF:17
LH:4
BRDA:12,0,0,0
BRDA:12,0,1,0
BRDA:19,1,0,0
BRDA:36,2,0,0
BRF:4
BRH:0
end_of_record
TN:
SF:src\components\ErrorButton\ErrorButton.tsx
FN:5,ErrorButton
FN:8,(anonymous_1)
FNF:2
FNH:1
FNDA:3,ErrorButton
FNDA:0,(anonymous_1)
DA:2,1
DA:3,1
DA:5,1
DA:6,3
DA:8,3
DA:9,0
DA:12,3
DA:13,0
DA:16,3
LF:9
LH:7
BRDA:12,0,0,0
BRF:1
BRH:0
end_of_record
TN:
SF:src\components\NotFound\NotFound.tsx
FN:3,NotFound
FNF:1
FNH:1
FNDA:1,NotFound
DA:1,1
DA:3,1
DA:4,1
LF:3
LH:3
BRF:0
BRH:0
end_of_record
TN:
SF:src\context\context.tsx
FN:10,(anonymous_0)
FN:14,(anonymous_1)
FN:33,(anonymous_2)
FN:52,(anonymous_3)
FN:62,(anonymous_4)
FN:66,(anonymous_5)
FNF:6
FNH:1
FNDA:3,(anonymous_0)
FNDA:0,(anonymous_1)
FNDA:0,(anonymous_2)
FNDA:0,(anonymous_3)
FNDA:0,(anonymous_4)
FNDA:0,(anonymous_5)
DA:1,2
DA:2,2
DA:5,2
DA:8,2
DA:10,2
DA:11,3
DA:14,2
DA:15,0
DA:16,0
DA:18,0
DA:19,0
DA:21,0
DA:29,0
DA:30,0
DA:32,0
DA:34,0
DA:35,0
DA:37,0
DA:39,0
DA:40,0
DA:42,0
DA:43,0
DA:44,0
DA:46,0
DA:52,0
DA:53,0
DA:59,0
DA:62,0
DA:63,0
DA:66,0
DA:67,0
DA:92,0
LF:32
LH:7
BRDA:18,0,0,0
BRDA:18,0,1,0
BRDA:30,1,0,0
BRDA:30,1,1,0
BRF:4
BRH:0
end_of_record
TN:
SF:src\pages\CardsPage\components\AdditionalCardsInfo\AdditionalCardsInfo.tsx
FN:7,AdditionalCardsInfo
FN:21,(anonymous_1)
FN:35,(anonymous_2)
FN:39,(anonymous_3)
FNF:4
FNH:4
FNDA:10,AdditionalCardsInfo
FNDA:3,(anonymous_1)
FNDA:3,(anonymous_2)
FNDA:1,(anonymous_3)
DA:1,1
DA:2,1
DA:3,1
DA:4,1
DA:7,1
DA:8,10
DA:9,10
DA:10,10
DA:19,10
DA:21,10
DA:22,3
DA:23,3
DA:24,3
DA:26,3
DA:28,3
DA:29,3
DA:31,0
DA:35,10
DA:36,3
DA:39,10
DA:40,1
DA:41,1
DA:42,1
DA:44,1
DA:47,10
DA:48,4
DA:51,6
DA:52,3
DA:64,3
LF:29
LH:28
BRDA:36,0,0,3
BRDA:36,0,1,0
BRDA:47,1,0,4
BRDA:51,2,0,3
BRDA:76,3,0,3
BRDA:76,3,1,0
BRDA:80,4,0,3
BRDA:80,4,1,0
BRDA:85,5,0,3
BRDA:85,5,1,0
BRDA:91,6,0,3
BRDA:91,6,1,0
BRF:12
BRH:7
end_of_record
TN:
SF:src\pages\CardsPage\components\CardsField\CardsField.tsx
FN:7,CardsField
FN:12,(anonymous_1)
FN:26,(anonymous_2)
FNF:3
FNH:1
FNDA:1,CardsField
FNDA:0,(anonymous_1)
FNDA:0,(anonymous_2)
DA:2,1
DA:3,1
DA:4,1
DA:5,1
DA:7,1
DA:8,1
DA:10,1
DA:12,1
DA:14,1
DA:16,1
DA:17,0
DA:20,1
DA:21,1
DA:24,0
DA:27,0
LF:15
LH:12
BRDA:12,0,0,0
BRDA:12,0,1,1
BRDA:14,1,0,0
BRDA:14,1,1,1
BRDA:16,2,0,0
BRDA:20,3,0,1
BRF:6
BRH:3
end_of_record
TN:
SF:src\pages\CardsPage\components\SearchForm\SearchForm.tsx
FN:7,SearchForm
FN:9,(anonymous_1)
FN:15,(anonymous_2)
FN:19,(anonymous_3)
FN:24,(anonymous_4)
FNF:5
FNH:5
FNDA:3,SearchForm
FNDA:1,(anonymous_1)
FNDA:3,(anonymous_2)
FNDA:1,(anonymous_3)
FNDA:1,(anonymous_4)
DA:1,1
DA:3,1
DA:4,1
DA:5,1
DA:7,1
DA:8,3
DA:9,3
DA:11,3
DA:13,3
DA:15,3
DA:16,3
DA:19,3
DA:20,1
DA:23,3
DA:25,1
DA:26,1
DA:31,3
LF:17
LH:17
BRDA:9,0,0,0
BRDA:9,0,1,3
BRDA:11,1,0,3
BRDA:11,1,1,2
BRF:4
BRH:3
end_of_record
